<?xml version="1.0" encoding="UTF-8"?>
<!-- Generated by org.testng.reporters.JUnitReportReporter -->
<testsuite hostname="PraveenReddy" failures="0" tests="1" name="pageObjects.ChartlinkProject" time="18.022" errors="0" timestamp="2025-09-02T12:15:04 IST" skipped="0">
  <testcase classname="pageObjects.ChartlinkProject" name="stocksFuturesActive" time="18.022"/>
</testsuite> <!-- pageObjects.ChartlinkProject -->
