<?xml version="1.0" encoding="UTF-8"?>
<!-- Generated by org.testng.reporters.JUnitReportReporter -->
<testsuite hostname="PraveenReddy" failures="0" tests="6" name="testRunner.TestRunner" time="65.166" errors="0" timestamp="2025-09-11T10:10:08 IST" skipped="0">
  <testcase classname="testRunner.TestRunner" name="runScenario" time="8.029"/>
  <testcase classname="testRunner.TestRunner" name="runScenario" time="8.381"/>
  <testcase classname="testRunner.TestRunner" name="runScenario" time="7.766"/>
  <testcase classname="testRunner.TestRunner" name="runScenario" time="19.730"/>
  <testcase classname="testRunner.TestRunner" name="runScenario" time="12.880"/>
  <testcase classname="testRunner.TestRunner" name="runScenario" time="8.380"/>
</testsuite> <!-- testRunner.TestRunner -->
