<?xml version="1.0" encoding="UTF-8"?>
<!-- Generated by org.testng.reporters.JUnitReportReporter -->
<testsuite hostname="PraveenReddy" failures="0" tests="1" name="pageObjects.StocksCalls" time="7.764" errors="0" timestamp="2025-08-25T20:44:28 IST" skipped="0">
  <testcase classname="pageObjects.StocksCalls" name="extarctStocksCallsData" time="7.764"/>
</testsuite> <!-- pageObjects.StocksCalls -->
