<?xml version="1.0" encoding="UTF-8"?>
<!-- Generated by org.testng.reporters.JUnitReportReporter -->
<testsuite hostname="PraveenReddy" failures="0" tests="8" name="testRunner.TestRunner" time="127.570" errors="0" timestamp="2025-09-12T10:38:12 IST" skipped="2">
  <testcase classname="testRunner.TestRunner" name="runScenario" time="12.579"/>
  <testcase classname="testRunner.TestRunner" name="runScenario" time="20.483"/>
  <testcase classname="testRunner.TestRunner" name="runScenario" time="11.532"/>
  <testcase classname="testRunner.TestRunner" name="runScenario" time="13.718"/>
  <testcase classname="testRunner.TestRunner" name="runScenario" time="12.305"/>
  <testcase classname="testRunner.TestRunner" name="runScenario" time="11.567"/>
  <testcase classname="testRunner.TestRunner" name="runScenario" time="27.049">
    <skipped/>
  </testcase> <!-- runScenario -->
  <testcase classname="testRunner.TestRunner" name="runScenario" time="18.337">
    <skipped/>
  </testcase> <!-- runScenario -->
</testsuite> <!-- testRunner.TestRunner -->
